1710573586144:help
1710573602754:list-books
1710574426089:help
1710574449259:LIST_AVALABLE_BOOKS 23
1710574467200:LIST_AVAILABLE_BOOKS 33
1710574492660:list-available-books
1710574499225:list-available-books 33
1710574632460:help
1710574649625:list-available-books 33
1710574658132:list-available-books
1710574784577:help
1710574809323:LIST_AVAILABLE_BOOKS 3
1710574948575:help
1710574957777:LIST_AVAILABLE_BOOKS 3
1710575313469:help
1710575320783:LIST_AVAILABLE_BOOKS
1710575323342:LIST_AVAILABLE_BOOKS 123
1710575538684:help
1710575555052:list-available-books
1710575563488:LIST_AVAILABLE_BOOKS
1710575605445:help
1710575685792:LIST_AVAILABLE_BOOKS
1710575689671:LIST_AVAILABLE_BOOKS 12
1710575693697:LIST_AVAILABLE_BOOKS {2}
1710575707452:ADD_BOOK
1710575978114:help
1710575993406:CHECKOUT_BOOK 1
1710575998700:CHECKOUT_BOOK
1710576012273:ADD_BOOK
1710576019616:ADD_BOOK 1 2 4
1710576151041:help
1710576166719:CHECKOUT_BOOK
1710576178217:CHECKOUT_BOOK 1
1710576190098:RETURN_BOOK
1710576192995:RETURN_BOOK 123
1710576200350:ADD_BOOK 1 3 5
1710579171714:help
1710579180292:LIST_AVAILABLE_BOOKS
1710579208529:ADD_BOOK 1 "Happy" "Teddy" 1
1710579235915:CHECKOUT_BOOK 2
1710579240315:CHECKOUT_BOOK 1
1710580192246:help
1710580206539:LIST_AVAILABLE_BOOKS
1710580495695:help
1710580502671:LIST_AVAILABLE_BOOKS
1710580593581:ADD_BOOK "happy" "Teddy" 1
1710580615638:ADD_BOOK happy Teddy 1
1710580626277:ADD_BOOK 1 happy Teddy 1
1710580632662:ADD_BOOK 1 happy Teddy 2
1710580638153:LIST_AVAILABLE_BOOKS
1710580990991:help
1710580997105:LIST_AVAILABLE_BOOKS
1710581023197:ADD_BOOK 1 happy amy 1
1710581029679:ADD_BOOK 1 happy amy 2
1710581042406:LIST_AVAILABLE_BOOKS
1710581071392:ADD_BOOK 2 sad sally 1
1710581080213:LIST_AVAILABLE_BOOKS
1710581093627:ADD_BOOK 2 hu sally 1
1710581100810:LIST_AVAILABLE_BOOKS
1710581134331:CHECKOUT_BOOK 2
1710581162571:LIST_AVAILABLE_BOOKS
1710581175490:RETURN_BOOK
1710581179705:RETURN_BOOK 1
1710581190411:LIST_AVAILABLE_BOOKS
1710581276890:ADD_BOOK 3 Apple amy 2
1710581280958:LIST_AVAILABLE_BOOKS
1710581915061:help
1710581926499:LIST_AVAILABLE_BOOKS
1710581939681:ADD_BOOK 1 happy amy 2
1710581947232:ADD_BOOK 1 sad amy 2
1710581957250:LIST_AVAILABLE_BOOKS
1710581994534:ADD_BOOK 2 smile amy 2
1710581998574:LIST_AVAILABLE_BOOKS
1710582163992:help
1710582458069:ADD_BOOK 1 happy amy 2
1710582468282:LIST_AVAILABLE_BOOKS
1710582484576:ADD_BOOK 1 ert erer 2
1710582489565:LIST_AVAILABLE_BOOKS
1710582514468:CHECKOUT_BOOK 123
1710582528713:CHECKOUT_BOOK qwe
1710583072712:help
1710583080952:LIST_AVAILABLE_BOOKS
1710583101370:ADD_BOOK 1 happy amy 2
1710583106626:LIST_AVAILABLE_BOOKS
1710583122000:ADD_BOOK 2 happy amy 2
1710583132738:CHECKOUT_BOOK 1
1710583138492:CHECKOUT_BOOK e
1710583533596:help
1710583545203:LIST_AVAILABLE_BOOKS
1710583553439:RETURN_BOOK 1
1710583560944:LIST_AVAILABLE_BOOKS
1710583575903:ADD_BOOK 1 happy amy 2
1710583580918:RETURN_BOOK 2
1710583585214:RETURN_BOOK 1
1710583588913:RETURN_BOOK e
1710583804964:help
1710583811357:LIST_AVAILABLE_BOOKS
1710583821389:ADD_BOOK a happy amy 2
1710583833857:ADD_BOOK 1 happy amy 2
1710583843699:CHECKOUT_BOOK 1
1710583847819:CHECKOUT_BOOK wer
1710584086811:help
1710584093848:LIST_AVAILABLE_BOOKS
1710584100795:ADD_BOOK
1710584107002:ADD_BOOK 1 happy amy 2
1710584127760:RETURN_BOOK 1
1710584185593:CHECKOUT_BOOK
1710584187944:CHECKOUT_BOOK 1
1710584196724:RETURN_BOOK 1
1710584251036:RETURN_BOOK eer
1710585337065:help
1710585356184:ADD_BOOK 1 happy amy 2
1710585365705:ADD_BOOK 2 sad amy 3
1710585373465:RETURN_BOOK 1
1710585378883:LIST_AVAILABLE_BOOKS
1710585388498:CHECKOUT_BOOK 2
1710585390966:CHECKOUT_BOOK w
1710585402283:RETURN_BOOK e\\\ne
1710585427897:ADD_BOOK 1 tt we 2
1710586020092:help
1710586034615:ADD_BOOK 1 happy 3
1710586044473:ADD_BOOK 1 happy amy 3
1710586056230:ADD_BOOK 1 sad amy 3
1710586071970:ADD_BOOK 2 sexy amy 3
1710586099155:CHECKOUT_BOOK 1
1710586115426:RETURN_BOOK 1
1710586131945:LIST_AVAILABLE_BOOKS
